FATAL ERROR 2017-09-20 17:48:44  D:\JAVA\PROJECTS\PIEBLACK\PIEBLACK\dist\users.xml (Le fichier spécifié est introuvable)
FATAL ERROR 2017-09-20 17:48:44  INVALID_USER_DATA
FATAL ERROR 2017-09-20 17:49:13  D:\JAVA\PROJECTS\PIEBLACK\PIEBLACK\dist\users.xml (Le fichier spécifié est introuvable)
FATAL ERROR 2017-09-20 17:49:13  INVALID_USER_DATA
FATAL ERROR 2017-09-20 17:49:17  D:\JAVA\PROJECTS\PIEBLACK\PIEBLACK\dist\users.xml (Le fichier spécifié est introuvable)
FATAL ERROR 2017-09-20 17:49:17  INVALID_USER_DATA
FATAL ERROR 2017-09-20 17:49:38  VALID_USER_DATA
INFO 2017-09-20 17:49:38  /qcj6GEyCNx/VsmYGUhtkQ==
INFO 2017-09-20 17:49:38  GQ81Af5OEqchKbfqdXtsEg==
INFO 2017-09-20 17:49:38  2017-09-20 17:49:38
INFO 2017-09-20 17:49:38  Enregistrement de xml   users.xml
FATAL ERROR 2017-09-20 17:50:01  VALID_USER_DATA
INFO 2017-09-20 17:50:01  gDSjiTtZ7knwyafpuPlcNQ==
INFO 2017-09-20 17:50:01  f/hulybDlNjY5WiMdljhRg==
INFO 2017-09-20 17:50:01  2017-09-20 17:50:01
INFO 2017-09-20 17:50:01  Enregistrement de xml   users.xml
FATAL ERROR 2017-09-20 17:50:24  VALID_USER_DATA
INFO 2017-09-20 17:50:24  KNB6eryR+Cc/ziB1Azscvw==
INFO 2017-09-20 17:50:24  eOhQB3X4HpocwyPk508i3Q==
INFO 2017-09-20 17:50:24  2017-09-20 17:50:24
INFO 2017-09-20 17:50:24  Enregistrement de xml   users.xml
FATAL ERROR 2017-09-20 17:59:35  VALID_USER_DATA
INFO 2017-09-20 17:59:35  j4tfOhEUIq3ZZNZedYoS5Q==
INFO 2017-09-20 17:59:35  411fknB+SlneOpkBh8Y4Zw==
INFO 2017-09-20 17:59:35  2017-09-20 17:59:35
INFO 2017-09-20 17:59:35  Enregistrement de xml   users.xml
FATAL ERROR 2017-09-20 18:06:24  VALID_USER_DATA
INFO 2017-09-20 18:06:24  /iImmcskPmOtUxxH9ILNSw==
INFO 2017-09-20 18:06:24  fKrkoI9UOFXY5yaSd2H4gA==
INFO 2017-09-20 18:06:24  2017-09-20 18:06:24
INFO 2017-09-20 18:06:24  Enregistrement de xml   users.xml
