FATAL ERROR 2017-06-26 13:03:34  VALID_USER_DATA
INFO 2017-06-26 13:03:34  oc7WoX0r3pjKP4Z6knbglQ==
INFO 2017-06-26 13:03:34  oc7WoX0r3pjaIN7hb3e5Og==
INFO 2017-06-26 13:03:34  2017-06-26 13:03:34
INFO 2017-06-26 13:03:34  Enregistrement de xml   users.xml
INFO 2017-06-26 13:03:41  55
FATAL ERROR 2017-06-26 13:03:45  Contenu non autorisé dans le prologue.
FATAL ERROR 2017-06-26 13:03:48  Contenu non autorisé dans le prologue.
FATAL ERROR 2017-06-26 13:07:38  VALID_USER_DATA
INFO 2017-06-26 13:07:38  ZIn+aKz5PqUNflqcpkL3pA==
INFO 2017-06-26 13:07:38  ZIn+aKz5PqUvF5z8/o5rxg==
INFO 2017-06-26 13:07:38  2017-06-26 13:07:38
INFO 2017-06-26 13:07:38  Enregistrement de xml   users.xml
INFO 2017-06-26 13:13:26  mRXz3oZhjvP+3Knx2Jt2+KAktBopEmvwu5YvP7vtrQ0=
INFO 2017-06-26 13:13:26  mRXz3oZhjvMeDJX/WP+FQ6UIgdWILz+0
INFO 2017-06-26 13:13:26  mRXz3oZhjvMQWd4OJyaFWOUxVdCKn6if
INFO 2017-06-26 13:13:26  mRXz3oZhjvNz2sWYDIrPM4qKMJ+iQpn/
INFO 2017-06-26 13:13:26  mRXz3oZhjvNz2sWYDIrPM/GF+Hd/G86L
INFO 2017-06-26 13:13:26  mRXz3oZhjvOoDAeXVe/GTQ==
INFO 2017-06-26 13:13:26  mRXz3oZhjvNjmzlt6+KObw==
INFO 2017-06-26 13:13:26  mRXz3oZhjvPdQptO91dghus0aenVKcIg8LylWwMefYYo1DPsMVhmEc+Ck5Uqla1mBThhJTgOWXM=
INFO 2017-06-26 13:13:26  mRXz3oZhjvPExt9cZRGjVQ==
INFO 2017-06-26 13:13:26  Enregistrement de xml   ../CONF/CONF/config.xml
INFO 2017-06-26 13:13:26  APP_FOLDER_APP : D:\TEMP\DTT\DTT\
INFO 2017-06-26 13:14:05  Wk2z2te8gbRs4TI7/ZgEh8N9IQhe/Z0hQgTEklR9KCs=
INFO 2017-06-26 13:14:05  Wk2z2te8gbSVCSeHnXSAujwb60zLY5j5
INFO 2017-06-26 13:14:05  Wk2z2te8gbRQC8R1gLZiDUPoXdnrICuI
INFO 2017-06-26 13:14:05  VXpYZXNu8vlHQRu5BmmTm1nbxYgG5J2O
INFO 2017-06-26 13:14:05  VXpYZXNu8vm2jM34RWi4ne/QhbuiqRgP
INFO 2017-06-26 13:14:05  VXpYZXNu8vkUt97rSbI/6A==
INFO 2017-06-26 13:14:05  VXpYZXNu8vkoQoq1962IuQ==
INFO 2017-06-26 13:14:05  VXpYZXNu8vmFKGM/9GKRpyeBRGaabytl32/n0XL+hP09ZdMPE4S0gA==
INFO 2017-06-26 13:14:05  VXpYZXNu8vmrbfjfQAxumw==
INFO 2017-06-26 13:14:05  Enregistrement de xml   ../CONF/CONF/config.xml
INFO 2017-06-26 13:14:05  APP_FOLDER_APP : D:\TEMP\DTT\DTT\
INFO 2017-06-26 13:17:58  D:\TEMP\DTT\DTT\00010014_20090510.DTT
INFO 2017-06-26 13:17:58  D:\TEMP\DTT\DTT\00010014_20090511.DTT
INFO 2017-06-26 13:17:58  D:\TEMP\DTT\DTT\200905.INI
INFO 2017-06-26 13:17:58  D:\TEMP\DTT\DTT\DATERAZ.INI
INFO 2017-06-26 13:21:07  D:\TEMP\DTT\DTT\00010014_20090510.DTT
INFO 2017-06-26 13:21:07  D:\TEMP\DTT\DTT\00010014_20090511.DTT
INFO 2017-06-26 13:38:01  21
INFO 2017-06-26 13:50:51  [Ljava.lang.String;@4048ec32
INFO 2017-06-26 13:52:03  COC
INFO 2017-06-26 13:52:32  4T
INFO 2017-06-26 13:54:08  4T
INFO 2017-06-26 13:54:46  4T
INFO 2017-06-26 14:03:36     nullnull
INFO 2017-06-26 14:04:53     3 
INFO 2017-06-26 14:06:11    5 
INFO 2017-06-26 14:07:35  4T
INFO 2017-06-26 14:08:05     3 
INFO 2017-06-26 14:08:32  COCA COLA             
INFO 2017-06-26 14:09:51    5 
INFO 2017-06-26 14:10:15    6 
INFO 2017-06-26 14:10:55      240.003
INFO 2017-06-26 14:11:17      240.00382
INFO 2017-06-26 14:11:28      240.003820
INFO 2017-06-26 14:11:57        0.00AE20
INFO 2017-06-26 14:16:34        0.00AE20
INFO 2017-06-26 14:29:53        0.00AE20
INFO 2017-06-26 14:30:03        0.00
INFO 2017-06-26 14:30:32  
INFO 2017-06-26 14:45:55        000
INFO 2017-06-26 14:46:10        000
INFO 2017-06-26 14:46:20        000
INFO 2017-06-26 14:46:46  0.0
INFO 2017-06-26 14:46:46        000
INFO 2017-06-26 14:47:14  0.0
INFO 2017-06-26 14:47:14        000
INFO 2017-06-26 14:53:33  D:\TEMP\DTT\DTT\00010014_20090510.DTT
INFO 2017-06-26 14:53:35  D:\TEMP\DTT\DTT\00010014_20090511.DTT
INFO 2017-06-26 15:01:16  D:\TEMP\DTT\DTT\00010014_20090510.DTT
INFO 2017-06-26 15:01:17  D:\TEMP\DTT\DTT\00010014_20090511.DTT
INFO 2017-06-26 15:02:02  D:\TEMP\DTT\DTT\00010014_20090510.DTT
INFO 2017-06-26 15:02:02  D:\TEMP\DTT\DTT\00010014_20090511.DTT
INFO 2017-06-26 15:02:02     2 RED BUL               
INFO 2017-06-26 15:02:02     3 COCA COLA             
INFO 2017-06-26 15:02:02     4 SPRITE                
INFO 2017-06-26 15:02:02     5 TONIC                 
INFO 2017-06-26 15:02:02     7 ORANGINA              
INFO 2017-06-26 15:02:02     8 PERRIER               
INFO 2017-06-26 15:02:02     9 FANTA                 
INFO 2017-06-26 15:02:02    10 FANTA COCKTAIL        
INFO 2017-06-26 15:02:02    11 YOUKI PAMPLEMOU       
INFO 2017-06-26 15:02:02    12 AVOCAT CREVETTE       
INFO 2017-06-26 15:02:02    19 MENTHE AU LAIT        
INFO 2017-06-26 15:02:02    20 LAIT                  
INFO 2017-06-26 15:02:02    21 OLGANE PETIT          
INFO 2017-06-26 15:02:02    28 FLAG                  
INFO 2017-06-26 15:02:02    29 GUINESS               
INFO 2017-06-26 15:02:02    30 TUBORG                
INFO 2017-06-26 15:02:02    34 DESPERADOS            
INFO 2017-06-26 15:02:02    35 HEINEKEN              
INFO 2017-06-26 15:02:02    38 MALTA GUINESS         
INFO 2017-06-26 15:02:02    49 RED BULL LIGHT        
INFO 2017-06-26 15:02:02    64 TANTRA                
INFO 2017-06-26 15:02:02    74 CALVADOS TRNEE        
INFO 2017-06-26 15:02:02    80 AWA GRAND             
INFO 2017-06-26 15:02:02    82 AWA PETIT             
INFO 2017-06-26 15:02:02    92 CLAN CAMPBELL 1       
INFO 2017-06-26 15:02:02    93 CLAN CAMPBELL T       
INFO 2017-06-26 15:02:02    99 J & B Tournee         
INFO 2017-06-26 15:02:02   102 JOHNNIE W.RED T       
INFO 2017-06-26 15:02:02   110 JACK DANIEL 1/2       
INFO 2017-06-26 15:02:02   111 JACK DANIEL Tou       
INFO 2017-06-26 15:02:02   112 SALADE DU CHEF        
INFO 2017-06-26 15:02:02   131 CREPE FERMIERE        
INFO 2017-06-26 15:02:02   146 POULET DU PUB         
INFO 2017-06-26 15:02:02   149 CREPE FORESTIER       
INFO 2017-06-26 15:02:02   152 JUS DE POMME          
INFO 2017-06-26 15:02:02   154 JUS D'ANANAS          
INFO 2017-06-26 15:02:02   173 CAMPARI Tournee       
INFO 2017-06-26 15:02:02   182 MARTINI BLANC T       
INFO 2017-06-26 15:02:02   203 RHUM DILLON           
INFO 2017-06-26 15:02:02   206 GIN Tournee           
INFO 2017-06-26 15:02:02   210 PLATAUX DE PETI       
INFO 2017-06-26 15:02:02   268 MARGUERITA            
INFO 2017-06-26 15:02:02   270 CAIPIRINA             
INFO 2017-06-26 15:02:02   272 TI PUNCH              
INFO 2017-06-26 15:02:02   273 MORITO                
INFO 2017-06-26 15:02:02   277 PINA COLADA           
INFO 2017-06-26 15:02:02   278 PUNCH PLANTEUR        
INFO 2017-06-26 15:02:02   283 MONACO FLAG           
INFO 2017-06-26 15:02:02   286 PEPE SOUPE            
INFO 2017-06-26 15:02:02   296 BELLE DAME            
INFO 2017-06-26 15:02:02   298 DIABOLO MENTHE        
INFO 2017-06-26 15:02:02   299 INDIEN                
INFO 2017-06-26 15:02:02   310 PORTO ROUGE Cou       
INFO 2017-06-26 15:02:02   326 COUPE DE CHAMPA       
INFO 2017-06-26 15:02:02   329 E.GUIGAL GRAND        
INFO 2017-06-26 15:02:02   337 MOET & CHANDON        
INFO 2017-06-26 15:02:02   340 COCA COLA             
INFO 2017-06-26 15:02:02   360 COCA COLA             
INFO 2017-06-26 15:02:02   384 CAFE                  
INFO 2017-06-26 15:02:02   387 CAPUCCINO             
INFO 2017-06-26 15:02:02   393 PUNCH COCO            
INFO 2017-06-26 15:02:02   449 DEMAZEL               
INFO 2017-06-26 15:02:02   459 BROCHETTE DE FI       
INFO 2017-06-26 15:02:02   463 SAMOUSA viande        
INFO 2017-06-26 15:02:02   464 SAUCISSE              
INFO 2017-06-26 15:02:02   469 BROCHETTE DE ME       
INFO 2017-06-26 15:02:02   471 TAGLIATELLE CAB       
INFO 2017-06-26 15:02:02   516 SAUCE CREME CHA       
INFO 2017-06-26 15:02:02   527 GIN GORDON            
INFO 2017-06-26 15:02:02   528 POM.TERRE FRITE       
INFO 2017-06-26 15:02:02   534 ALLOCO                
INFO 2017-06-26 15:02:02   546 GRATIN DAUPHINO       
INFO 2017-06-26 15:02:02   552 CREPE SUCREE CH       
INFO 2017-06-26 15:02:02   591 PIZ VIANDE H.MO       
INFO 2017-06-26 15:02:02   619 CLAN. CAMPBELL        
INFO 2017-06-26 15:02:02   622 CHIVAS. Tournee       
INFO 2017-06-26 15:02:02   624 JACK. DANIEL 1/       
INFO 2017-06-26 15:02:02   625 JACK. DANIEL To       
INFO 2017-06-26 15:02:02   634 WHISKY. PECHE T       
INFO 2017-06-26 15:02:02   670 VODKA ABSOLUT T       
INFO 2017-06-26 15:02:02   694 MARTINI. ROUGE        
INFO 2017-06-26 15:02:02   697 MARTINI. ROSE T       
INFO 2017-06-26 15:02:02   725 BAILEY'S. Tourn       
INFO 2017-06-26 15:02:02   763 PUNCH PLANTEUR        
INFO 2017-06-26 15:02:02   776 BELLE DAME lg         
INFO 2017-06-26 15:02:02   779 CONGA lg              
INFO 2017-06-26 15:02:02   787 JUS D'ANANAS lg       
INFO 2017-06-26 15:02:02   788 JUS DE PAMPLEMO       
INFO 2017-06-26 15:02:02   789 JUS DE CITRON l       
INFO 2017-06-26 15:02:02   790 JUS DE POMME lg       
INFO 2017-06-26 15:02:02   824 COCA COLA lg          
INFO 2017-06-26 15:02:02   827 FANTA COCKTAIL        
INFO 2017-06-26 15:02:02   846 RED BULL lg           
INFO 2017-06-26 15:02:02   860 FLAG lg               
INFO 2017-06-26 15:02:02   861 TUBORG lg             
INFO 2017-06-26 15:02:02   862 GUINNESS lg           
INFO 2017-06-26 15:02:02   870 DESPERADOS lg         
INFO 2017-06-26 15:02:02   874 BECK'S  lg            
INFO 2017-06-26 15:02:02   990 DEMAZEL lg            
INFO 2017-06-26 15:02:02  1005 BORD. DES BORD        
INFO 2017-06-26 15:02:02  1007 MOUTON CADET lg       
INFO 2017-06-26 15:02:02  1016 MOET & CHANDON        
INFO 2017-06-26 15:02:02  1026 CPE DE VIN ROUG       
INFO 2017-06-26 15:02:02  1029 KIR ROYAL lg          
INFO 2017-06-26 15:02:02  1030 CPE DE CHAMPAGN       
INFO 2017-06-26 15:02:02  1059 TONIC lg              
INFO 2017-06-26 15:02:02  1061 COCA C0LA lg          
INFO 2017-06-26 15:02:02  1064 JUS D'ORANGE lg       
INFO 2017-06-26 15:02:02  1219 P0MME TERRE FRI       
INFO 2017-06-26 15:02:02  1224 RIZ                   
INFO 2017-06-26 15:02:02     0 GINFIZZ               
INFO 2017-06-26 15:02:02     3 COCA COLA             
INFO 2017-06-26 15:02:02     7 ORANGINA              
INFO 2017-06-26 15:02:02     8 PERRIER               
INFO 2017-06-26 15:02:02     9 FANTA                 
INFO 2017-06-26 15:02:02    10 FANTA COCKTAIL        
INFO 2017-06-26 15:02:02    22 OLGANE GRAND          
INFO 2017-06-26 15:02:02    28 FLAG                  
INFO 2017-06-26 15:02:02    29 GUINESS               
INFO 2017-06-26 15:02:02    30 TUBORG                
INFO 2017-06-26 15:02:02    34 DESPERADOS            
INFO 2017-06-26 15:02:02    35 HEINEKEN              
INFO 2017-06-26 15:02:02    38 MALTA GUINESS         
INFO 2017-06-26 15:02:02    49 RED BULL LIGHT        
INFO 2017-06-26 15:02:02    80 AWA GRAND             
INFO 2017-06-26 15:02:02    82 AWA PETIT             
INFO 2017-06-26 15:02:02    99 J & B Tournee         
INFO 2017-06-26 15:02:02   111 JACK DANIEL Tou       
INFO 2017-06-26 15:02:02   131 CREPE FERMIERE        
INFO 2017-06-26 15:02:02   146 POULET DU PUB         
INFO 2017-06-26 15:02:02   149 CREPE FORESTIER       
INFO 2017-06-26 15:02:02   191 PASTIS 51 Tourn       
INFO 2017-06-26 15:02:02   210 PLATAUX DE PETI       
INFO 2017-06-26 15:02:02   268 MARGUERITA            
INFO 2017-06-26 15:02:02   271 DAIKIRINA             
INFO 2017-06-26 15:02:02   272 TI PUNCH              
INFO 2017-06-26 15:02:02   277 PINA COLADA           
INFO 2017-06-26 15:02:02   279 BEACH                 
INFO 2017-06-26 15:02:02   289 QUEUE DE BOEUF        
INFO 2017-06-26 15:02:02   307 PORTO BLANC Cou       
INFO 2017-06-26 15:02:02   310 PORTO ROUGE Cou       
INFO 2017-06-26 15:02:02   325 BORDEAUX COUPE        
INFO 2017-06-26 15:02:02   326 COUPE DE CHAMPA       
INFO 2017-06-26 15:02:02   335 TROUILLARD            
INFO 2017-06-26 15:02:02   337 MOET & CHANDON        
INFO 2017-06-26 15:02:02   340 COCA COLA             
INFO 2017-06-26 15:02:02   386 THE LIPTON NATU       
INFO 2017-06-26 15:02:02   389 GROG NATURE           
INFO 2017-06-26 15:02:02   393 PUNCH COCO            
INFO 2017-06-26 15:02:02   464 SAUCISSE              
INFO 2017-06-26 15:02:02   469 BROCHETTE DE ME       
INFO 2017-06-26 15:02:02   470 MEROU GRILLE          
INFO 2017-06-26 15:02:02   474 ROULEAUX CREVET       
INFO 2017-06-26 15:02:02   528 POM.TERRE FRITE       
INFO 2017-06-26 15:02:02   533 RIZ                   
INFO 2017-06-26 15:02:02   596 PIZ POULET MEX        
INFO 2017-06-26 15:02:02  1219 P0MME TERRE FRI       
INFO 2017-06-26 15:02:02  1224 RIZ                   
INFO 2017-06-26 15:02:02  1225 ALLOCO                
INFO 2017-06-26 15:02:02     0 GINFIZZ               
INFO 2017-06-26 15:04:27  D:\TEMP\DTT\DTT\00010014_20090510.DTT
INFO 2017-06-26 15:04:28  D:\TEMP\DTT\DTT\00010014_20090511.DTT
INFO 2017-06-26 15:04:28     ---> 00010014_20090510.DTT
INFO 2017-06-26 15:04:28  RED BUL               
INFO 2017-06-26 15:04:28  COCA COLA             
INFO 2017-06-26 15:04:28  SPRITE                
INFO 2017-06-26 15:04:28  TONIC                 
INFO 2017-06-26 15:04:28  ORANGINA              
INFO 2017-06-26 15:04:28  PERRIER               
INFO 2017-06-26 15:04:28  FANTA                 
INFO 2017-06-26 15:04:28  FANTA COCKTAIL        
INFO 2017-06-26 15:04:28  YOUKI PAMPLEMOU       
INFO 2017-06-26 15:04:28  AVOCAT CREVETTE       
INFO 2017-06-26 15:04:28  MENTHE AU LAIT        
INFO 2017-06-26 15:04:28  LAIT                  
INFO 2017-06-26 15:04:28  OLGANE PETIT          
INFO 2017-06-26 15:04:28  FLAG                  
INFO 2017-06-26 15:04:28  GUINESS               
INFO 2017-06-26 15:04:28  TUBORG                
INFO 2017-06-26 15:04:28  DESPERADOS            
INFO 2017-06-26 15:04:28  HEINEKEN              
INFO 2017-06-26 15:04:28  MALTA GUINESS         
INFO 2017-06-26 15:04:28  RED BULL LIGHT        
INFO 2017-06-26 15:04:28  TANTRA                
INFO 2017-06-26 15:04:28  CALVADOS TRNEE        
INFO 2017-06-26 15:04:28  AWA GRAND             
INFO 2017-06-26 15:04:28  AWA PETIT             
INFO 2017-06-26 15:04:28  CLAN CAMPBELL 1       
INFO 2017-06-26 15:04:28  CLAN CAMPBELL T       
INFO 2017-06-26 15:04:28  J & B Tournee         
INFO 2017-06-26 15:04:28  JOHNNIE W.RED T       
INFO 2017-06-26 15:04:28  JACK DANIEL 1/2       
INFO 2017-06-26 15:04:28  JACK DANIEL Tou       
INFO 2017-06-26 15:04:28  SALADE DU CHEF        
INFO 2017-06-26 15:04:28  CREPE FERMIERE        
INFO 2017-06-26 15:04:28  POULET DU PUB         
INFO 2017-06-26 15:04:28  CREPE FORESTIER       
INFO 2017-06-26 15:04:28  JUS DE POMME          
INFO 2017-06-26 15:04:28  JUS D'ANANAS          
INFO 2017-06-26 15:04:28  CAMPARI Tournee       
INFO 2017-06-26 15:04:28  MARTINI BLANC T       
INFO 2017-06-26 15:04:28  RHUM DILLON           
INFO 2017-06-26 15:04:28  GIN Tournee           
INFO 2017-06-26 15:04:28  PLATAUX DE PETI       
INFO 2017-06-26 15:04:28  MARGUERITA            
INFO 2017-06-26 15:04:28  CAIPIRINA             
INFO 2017-06-26 15:04:28  TI PUNCH              
INFO 2017-06-26 15:04:28  MORITO                
INFO 2017-06-26 15:04:28  PINA COLADA           
INFO 2017-06-26 15:04:28  PUNCH PLANTEUR        
INFO 2017-06-26 15:04:28  MONACO FLAG           
INFO 2017-06-26 15:04:28  PEPE SOUPE            
INFO 2017-06-26 15:04:28  BELLE DAME            
INFO 2017-06-26 15:04:28  DIABOLO MENTHE        
INFO 2017-06-26 15:04:28  INDIEN                
INFO 2017-06-26 15:04:28  PORTO ROUGE Cou       
INFO 2017-06-26 15:04:28  COUPE DE CHAMPA       
INFO 2017-06-26 15:04:28  E.GUIGAL GRAND        
INFO 2017-06-26 15:04:28  MOET & CHANDON        
INFO 2017-06-26 15:04:28  COCA COLA             
INFO 2017-06-26 15:04:28  COCA COLA             
INFO 2017-06-26 15:04:28  CAFE                  
INFO 2017-06-26 15:04:28  CAPUCCINO             
INFO 2017-06-26 15:04:28  PUNCH COCO            
INFO 2017-06-26 15:04:28  DEMAZEL               
INFO 2017-06-26 15:04:28  BROCHETTE DE FI       
INFO 2017-06-26 15:04:28  SAMOUSA viande        
INFO 2017-06-26 15:04:28  SAUCISSE              
INFO 2017-06-26 15:04:28  BROCHETTE DE ME       
INFO 2017-06-26 15:04:28  TAGLIATELLE CAB       
INFO 2017-06-26 15:04:28  SAUCE CREME CHA       
INFO 2017-06-26 15:04:28  GIN GORDON            
INFO 2017-06-26 15:04:28  POM.TERRE FRITE       
INFO 2017-06-26 15:04:28  ALLOCO                
INFO 2017-06-26 15:04:28  GRATIN DAUPHINO       
INFO 2017-06-26 15:04:28  CREPE SUCREE CH       
INFO 2017-06-26 15:04:28  PIZ VIANDE H.MO       
INFO 2017-06-26 15:04:28  CLAN. CAMPBELL        
INFO 2017-06-26 15:04:28  CHIVAS. Tournee       
INFO 2017-06-26 15:04:28  JACK. DANIEL 1/       
INFO 2017-06-26 15:04:28  JACK. DANIEL To       
INFO 2017-06-26 15:04:28  WHISKY. PECHE T       
INFO 2017-06-26 15:04:28  VODKA ABSOLUT T       
INFO 2017-06-26 15:04:28  MARTINI. ROUGE        
INFO 2017-06-26 15:04:28  MARTINI. ROSE T       
INFO 2017-06-26 15:04:28  BAILEY'S. Tourn       
INFO 2017-06-26 15:04:28  PUNCH PLANTEUR        
INFO 2017-06-26 15:04:28  BELLE DAME lg         
INFO 2017-06-26 15:04:28  CONGA lg              
INFO 2017-06-26 15:04:28  JUS D'ANANAS lg       
INFO 2017-06-26 15:04:28  JUS DE PAMPLEMO       
INFO 2017-06-26 15:04:28  JUS DE CITRON l       
INFO 2017-06-26 15:04:28  JUS DE POMME lg       
INFO 2017-06-26 15:04:28  COCA COLA lg          
INFO 2017-06-26 15:04:28  FANTA COCKTAIL        
INFO 2017-06-26 15:04:28  RED BULL lg           
INFO 2017-06-26 15:04:28  FLAG lg               
INFO 2017-06-26 15:04:28  TUBORG lg             
INFO 2017-06-26 15:04:28  GUINNESS lg           
INFO 2017-06-26 15:04:28  DESPERADOS lg         
INFO 2017-06-26 15:04:28  BECK'S  lg            
INFO 2017-06-26 15:04:28  DEMAZEL lg            
INFO 2017-06-26 15:04:28  BORD. DES BORD        
INFO 2017-06-26 15:04:28  MOUTON CADET lg       
INFO 2017-06-26 15:04:28  MOET & CHANDON        
INFO 2017-06-26 15:04:28  CPE DE VIN ROUG       
INFO 2017-06-26 15:04:28  KIR ROYAL lg          
INFO 2017-06-26 15:04:28  CPE DE CHAMPAGN       
INFO 2017-06-26 15:04:28  TONIC lg              
INFO 2017-06-26 15:04:28  COCA C0LA lg          
INFO 2017-06-26 15:04:28  JUS D'ORANGE lg       
INFO 2017-06-26 15:04:28  P0MME TERRE FRI       
INFO 2017-06-26 15:04:28  RIZ                   
INFO 2017-06-26 15:04:28  GINFIZZ               
INFO 2017-06-26 15:04:28     ---> 00010014_20090511.DTT
INFO 2017-06-26 15:04:28  COCA COLA             
INFO 2017-06-26 15:04:28  ORANGINA              
INFO 2017-06-26 15:04:28  PERRIER               
INFO 2017-06-26 15:04:28  FANTA                 
INFO 2017-06-26 15:04:28  FANTA COCKTAIL        
INFO 2017-06-26 15:04:28  OLGANE GRAND          
INFO 2017-06-26 15:04:28  FLAG                  
INFO 2017-06-26 15:04:28  GUINESS               
INFO 2017-06-26 15:04:28  TUBORG                
INFO 2017-06-26 15:04:28  DESPERADOS            
INFO 2017-06-26 15:04:28  HEINEKEN              
INFO 2017-06-26 15:04:28  MALTA GUINESS         
INFO 2017-06-26 15:04:28  RED BULL LIGHT        
INFO 2017-06-26 15:04:28  AWA GRAND             
INFO 2017-06-26 15:04:28  AWA PETIT             
INFO 2017-06-26 15:04:28  J & B Tournee         
INFO 2017-06-26 15:04:28  JACK DANIEL Tou       
INFO 2017-06-26 15:04:28  CREPE FERMIERE        
INFO 2017-06-26 15:04:28  POULET DU PUB         
INFO 2017-06-26 15:04:28  CREPE FORESTIER       
INFO 2017-06-26 15:04:28  PASTIS 51 Tourn       
INFO 2017-06-26 15:04:28  PLATAUX DE PETI       
INFO 2017-06-26 15:04:28  MARGUERITA            
INFO 2017-06-26 15:04:28  DAIKIRINA             
INFO 2017-06-26 15:04:28  TI PUNCH              
INFO 2017-06-26 15:04:28  PINA COLADA           
INFO 2017-06-26 15:04:28  BEACH                 
INFO 2017-06-26 15:04:28  QUEUE DE BOEUF        
INFO 2017-06-26 15:04:28  PORTO BLANC Cou       
INFO 2017-06-26 15:04:28  PORTO ROUGE Cou       
INFO 2017-06-26 15:04:28  BORDEAUX COUPE        
INFO 2017-06-26 15:04:28  COUPE DE CHAMPA       
INFO 2017-06-26 15:04:28  TROUILLARD            
INFO 2017-06-26 15:04:28  MOET & CHANDON        
INFO 2017-06-26 15:04:28  COCA COLA             
INFO 2017-06-26 15:04:28  THE LIPTON NATU       
INFO 2017-06-26 15:04:28  GROG NATURE           
INFO 2017-06-26 15:04:28  PUNCH COCO            
INFO 2017-06-26 15:04:28  SAUCISSE              
INFO 2017-06-26 15:04:28  BROCHETTE DE ME       
INFO 2017-06-26 15:04:28  MEROU GRILLE          
INFO 2017-06-26 15:04:28  ROULEAUX CREVET       
INFO 2017-06-26 15:04:28  POM.TERRE FRITE       
INFO 2017-06-26 15:04:28  RIZ                   
INFO 2017-06-26 15:04:28  PIZ POULET MEX        
INFO 2017-06-26 15:04:28  P0MME TERRE FRI       
INFO 2017-06-26 15:04:28  RIZ                   
INFO 2017-06-26 15:04:28  ALLOCO                
INFO 2017-06-26 15:04:28  GINFIZZ               
INFO 2017-06-26 15:13:19  D:\TEMP\DTT\DTT\00010014_20090510.DTT
INFO 2017-06-26 15:13:19  D:\TEMP\DTT\DTT\00010014_20090511.DTT
INFO 2017-06-26 15:13:19     ---> 00010014_20090510.DTT
INFO 2017-06-26 15:13:19     --------> NUMERO DE RAZ        1
INFO 2017-06-26 15:13:19  RED BUL               
INFO 2017-06-26 15:13:19  COCA COLA             
INFO 2017-06-26 15:13:19  SPRITE                
INFO 2017-06-26 15:13:19  TONIC                 
INFO 2017-06-26 15:13:19  ORANGINA              
INFO 2017-06-26 15:13:19  PERRIER               
INFO 2017-06-26 15:13:19  FANTA                 
INFO 2017-06-26 15:13:19  FANTA COCKTAIL        
INFO 2017-06-26 15:13:19  YOUKI PAMPLEMOU       
INFO 2017-06-26 15:13:19  AVOCAT CREVETTE       
INFO 2017-06-26 15:13:19  MENTHE AU LAIT        
INFO 2017-06-26 15:13:19  LAIT                  
INFO 2017-06-26 15:13:19  OLGANE PETIT          
INFO 2017-06-26 15:13:19  FLAG                  
INFO 2017-06-26 15:13:19  GUINESS               
INFO 2017-06-26 15:13:19  TUBORG                
INFO 2017-06-26 15:13:19  DESPERADOS            
INFO 2017-06-26 15:13:19  HEINEKEN              
INFO 2017-06-26 15:13:19  MALTA GUINESS         
INFO 2017-06-26 15:13:19  RED BULL LIGHT        
INFO 2017-06-26 15:13:19  TANTRA                
INFO 2017-06-26 15:13:19  CALVADOS TRNEE        
INFO 2017-06-26 15:13:19  AWA GRAND             
INFO 2017-06-26 15:13:19  AWA PETIT             
INFO 2017-06-26 15:13:19  CLAN CAMPBELL 1       
INFO 2017-06-26 15:13:19  CLAN CAMPBELL T       
INFO 2017-06-26 15:13:19  J & B Tournee         
INFO 2017-06-26 15:13:19  JOHNNIE W.RED T       
INFO 2017-06-26 15:13:19  JACK DANIEL 1/2       
INFO 2017-06-26 15:13:19  JACK DANIEL Tou       
INFO 2017-06-26 15:13:19  SALADE DU CHEF        
INFO 2017-06-26 15:13:19  CREPE FERMIERE        
INFO 2017-06-26 15:13:19  POULET DU PUB         
INFO 2017-06-26 15:13:19  CREPE FORESTIER       
INFO 2017-06-26 15:13:19  JUS DE POMME          
INFO 2017-06-26 15:13:19  JUS D'ANANAS          
INFO 2017-06-26 15:13:19  CAMPARI Tournee       
INFO 2017-06-26 15:13:19  MARTINI BLANC T       
INFO 2017-06-26 15:13:19  RHUM DILLON           
INFO 2017-06-26 15:13:19  GIN Tournee           
INFO 2017-06-26 15:13:19  PLATAUX DE PETI       
INFO 2017-06-26 15:13:19  MARGUERITA            
INFO 2017-06-26 15:13:19  CAIPIRINA             
INFO 2017-06-26 15:13:19  TI PUNCH              
INFO 2017-06-26 15:13:19  MORITO                
INFO 2017-06-26 15:13:19  PINA COLADA           
INFO 2017-06-26 15:13:19  PUNCH PLANTEUR        
INFO 2017-06-26 15:13:19  MONACO FLAG           
INFO 2017-06-26 15:13:19  PEPE SOUPE            
INFO 2017-06-26 15:13:19  BELLE DAME            
INFO 2017-06-26 15:13:19  DIABOLO MENTHE        
INFO 2017-06-26 15:13:19  INDIEN                
INFO 2017-06-26 15:13:19  PORTO ROUGE Cou       
INFO 2017-06-26 15:13:19  COUPE DE CHAMPA       
INFO 2017-06-26 15:13:19  E.GUIGAL GRAND        
INFO 2017-06-26 15:13:19  MOET & CHANDON        
INFO 2017-06-26 15:13:19  COCA COLA             
INFO 2017-06-26 15:13:19  COCA COLA             
INFO 2017-06-26 15:13:19  CAFE                  
INFO 2017-06-26 15:13:19  CAPUCCINO             
INFO 2017-06-26 15:13:19  PUNCH COCO            
INFO 2017-06-26 15:13:19  DEMAZEL               
INFO 2017-06-26 15:13:19  BROCHETTE DE FI       
INFO 2017-06-26 15:13:19  SAMOUSA viande        
INFO 2017-06-26 15:13:19  SAUCISSE              
INFO 2017-06-26 15:13:19  BROCHETTE DE ME       
INFO 2017-06-26 15:13:19  TAGLIATELLE CAB       
INFO 2017-06-26 15:13:19  SAUCE CREME CHA       
INFO 2017-06-26 15:13:19  GIN GORDON            
INFO 2017-06-26 15:13:19  POM.TERRE FRITE       
INFO 2017-06-26 15:13:19  ALLOCO                
INFO 2017-06-26 15:13:19  GRATIN DAUPHINO       
INFO 2017-06-26 15:13:19  CREPE SUCREE CH       
INFO 2017-06-26 15:13:19  PIZ VIANDE H.MO       
INFO 2017-06-26 15:13:19  CLAN. CAMPBELL        
INFO 2017-06-26 15:13:19  CHIVAS. Tournee       
INFO 2017-06-26 15:13:19  JACK. DANIEL 1/       
INFO 2017-06-26 15:13:19  JACK. DANIEL To       
INFO 2017-06-26 15:13:19  WHISKY. PECHE T       
INFO 2017-06-26 15:13:19  VODKA ABSOLUT T       
INFO 2017-06-26 15:13:20  MARTINI. ROUGE        
INFO 2017-06-26 15:13:20  MARTINI. ROSE T       
INFO 2017-06-26 15:13:20  BAILEY'S. Tourn       
INFO 2017-06-26 15:13:20  PUNCH PLANTEUR        
INFO 2017-06-26 15:13:20  BELLE DAME lg         
INFO 2017-06-26 15:13:20  CONGA lg              
INFO 2017-06-26 15:13:20  JUS D'ANANAS lg       
INFO 2017-06-26 15:13:20  JUS DE PAMPLEMO       
INFO 2017-06-26 15:13:20  JUS DE CITRON l       
INFO 2017-06-26 15:13:20  JUS DE POMME lg       
INFO 2017-06-26 15:13:20  COCA COLA lg          
INFO 2017-06-26 15:13:20  FANTA COCKTAIL        
INFO 2017-06-26 15:13:20  RED BULL lg           
INFO 2017-06-26 15:13:20  FLAG lg               
INFO 2017-06-26 15:13:20  TUBORG lg             
INFO 2017-06-26 15:13:20  GUINNESS lg           
INFO 2017-06-26 15:13:20  DESPERADOS lg         
INFO 2017-06-26 15:13:20  BECK'S  lg            
INFO 2017-06-26 15:13:20  DEMAZEL lg            
INFO 2017-06-26 15:13:20  BORD. DES BORD        
INFO 2017-06-26 15:13:20  MOUTON CADET lg       
INFO 2017-06-26 15:13:20  MOET & CHANDON        
INFO 2017-06-26 15:13:20  CPE DE VIN ROUG       
INFO 2017-06-26 15:13:20  KIR ROYAL lg          
INFO 2017-06-26 15:13:20  CPE DE CHAMPAGN       
INFO 2017-06-26 15:13:20  TONIC lg              
INFO 2017-06-26 15:13:20  COCA C0LA lg          
INFO 2017-06-26 15:13:20  JUS D'ORANGE lg       
INFO 2017-06-26 15:13:20  P0MME TERRE FRI       
INFO 2017-06-26 15:13:20  RIZ                   
INFO 2017-06-26 15:13:20  GINFIZZ               
INFO 2017-06-26 15:13:20     ---> 00010014_20090511.DTT
INFO 2017-06-26 15:13:20     --------> NUMERO DE RAZ        1
INFO 2017-06-26 15:13:20  COCA COLA             
INFO 2017-06-26 15:13:20  ORANGINA              
INFO 2017-06-26 15:13:20  PERRIER               
INFO 2017-06-26 15:13:20  FANTA                 
INFO 2017-06-26 15:13:20  FANTA COCKTAIL        
INFO 2017-06-26 15:13:20  OLGANE GRAND          
INFO 2017-06-26 15:13:20  FLAG                  
INFO 2017-06-26 15:13:20  GUINESS               
INFO 2017-06-26 15:13:20  TUBORG                
INFO 2017-06-26 15:13:20  DESPERADOS            
INFO 2017-06-26 15:13:20  HEINEKEN              
INFO 2017-06-26 15:13:20  MALTA GUINESS         
INFO 2017-06-26 15:13:20  RED BULL LIGHT        
INFO 2017-06-26 15:13:20  AWA GRAND             
INFO 2017-06-26 15:13:20  AWA PETIT             
INFO 2017-06-26 15:13:20  J & B Tournee         
INFO 2017-06-26 15:13:20  JACK DANIEL Tou       
INFO 2017-06-26 15:13:20  CREPE FERMIERE        
INFO 2017-06-26 15:13:20  POULET DU PUB         
INFO 2017-06-26 15:13:20  CREPE FORESTIER       
INFO 2017-06-26 15:13:20  PASTIS 51 Tourn       
INFO 2017-06-26 15:13:20  PLATAUX DE PETI       
INFO 2017-06-26 15:13:20  MARGUERITA            
INFO 2017-06-26 15:13:20  DAIKIRINA             
INFO 2017-06-26 15:13:20  TI PUNCH              
INFO 2017-06-26 15:13:20  PINA COLADA           
INFO 2017-06-26 15:13:20  BEACH                 
INFO 2017-06-26 15:13:20  QUEUE DE BOEUF        
INFO 2017-06-26 15:13:20  PORTO BLANC Cou       
INFO 2017-06-26 15:13:20  PORTO ROUGE Cou       
INFO 2017-06-26 15:13:20  BORDEAUX COUPE        
INFO 2017-06-26 15:13:20  COUPE DE CHAMPA       
INFO 2017-06-26 15:13:20  TROUILLARD            
INFO 2017-06-26 15:13:20  MOET & CHANDON        
INFO 2017-06-26 15:13:20  COCA COLA             
INFO 2017-06-26 15:13:20  THE LIPTON NATU       
INFO 2017-06-26 15:13:20  GROG NATURE           
INFO 2017-06-26 15:13:20  PUNCH COCO            
INFO 2017-06-26 15:13:20  SAUCISSE              
INFO 2017-06-26 15:13:20  BROCHETTE DE ME       
INFO 2017-06-26 15:13:20  MEROU GRILLE          
INFO 2017-06-26 15:13:20  ROULEAUX CREVET       
INFO 2017-06-26 15:13:20  POM.TERRE FRITE       
INFO 2017-06-26 15:13:20  RIZ                   
INFO 2017-06-26 15:13:20  PIZ POULET MEX        
INFO 2017-06-26 15:13:20  P0MME TERRE FRI       
INFO 2017-06-26 15:13:20  RIZ                   
INFO 2017-06-26 15:13:20  ALLOCO                
INFO 2017-06-26 15:13:20  GINFIZZ               
INFO 2017-06-26 15:14:47  D:\TEMP\DTT\DTT\00010014_20090510.DTT
INFO 2017-06-26 15:14:47  D:\TEMP\DTT\DTT\00010014_20090511.DTT
INFO 2017-06-26 15:14:47     ---> 00010014_20090510.DTT
INFO 2017-06-26 15:14:47     --------> NUMERO DE RAZ      
INFO 2017-06-26 15:14:47  RED BUL            
INFO 2017-06-26 15:14:47  COCA COLA          
INFO 2017-06-26 15:14:47  SPRITE             
INFO 2017-06-26 15:14:47  TONIC              
INFO 2017-06-26 15:14:47  ORANGINA           
INFO 2017-06-26 15:14:47  PERRIER            
INFO 2017-06-26 15:14:47  FANTA              
INFO 2017-06-26 15:14:47  FANTA COCKTAIL     
INFO 2017-06-26 15:14:47  YOUKI PAMPLEMOU    
INFO 2017-06-26 15:14:47  AVOCAT CREVETTE    
INFO 2017-06-26 15:14:47  MENTHE AU LAIT     
INFO 2017-06-26 15:14:47  LAIT               
INFO 2017-06-26 15:14:47  OLGANE PETIT       
INFO 2017-06-26 15:14:47  FLAG               
INFO 2017-06-26 15:14:47  GUINESS            
INFO 2017-06-26 15:14:47  TUBORG             
INFO 2017-06-26 15:14:47  DESPERADOS         
INFO 2017-06-26 15:14:47  HEINEKEN           
INFO 2017-06-26 15:14:47  MALTA GUINESS      
INFO 2017-06-26 15:14:47  RED BULL LIGHT     
INFO 2017-06-26 15:14:47  TANTRA             
INFO 2017-06-26 15:14:47  CALVADOS TRNEE     
INFO 2017-06-26 15:14:47  AWA GRAND          
INFO 2017-06-26 15:14:47  AWA PETIT          
INFO 2017-06-26 15:14:47  CLAN CAMPBELL 1    
INFO 2017-06-26 15:14:47  CLAN CAMPBELL T    
INFO 2017-06-26 15:14:47  J & B Tournee      
INFO 2017-06-26 15:14:47  JOHNNIE W.RED T    
INFO 2017-06-26 15:14:47  JACK DANIEL 1/2    
INFO 2017-06-26 15:14:47  JACK DANIEL Tou    
INFO 2017-06-26 15:14:47  SALADE DU CHEF     
INFO 2017-06-26 15:14:47  CREPE FERMIERE     
INFO 2017-06-26 15:14:47  POULET DU PUB      
INFO 2017-06-26 15:14:47  CREPE FORESTIER    
INFO 2017-06-26 15:14:47  JUS DE POMME       
INFO 2017-06-26 15:14:47  JUS D'ANANAS       
INFO 2017-06-26 15:14:47  CAMPARI Tournee    
INFO 2017-06-26 15:14:47  MARTINI BLANC T    
INFO 2017-06-26 15:14:47  RHUM DILLON        
INFO 2017-06-26 15:14:47  GIN Tournee        
INFO 2017-06-26 15:14:47  PLATAUX DE PETI    
INFO 2017-06-26 15:14:47  MARGUERITA         
INFO 2017-06-26 15:14:47  CAIPIRINA          
INFO 2017-06-26 15:14:47  TI PUNCH           
INFO 2017-06-26 15:14:47  MORITO             
INFO 2017-06-26 15:14:47  PINA COLADA        
INFO 2017-06-26 15:14:47  PUNCH PLANTEUR     
INFO 2017-06-26 15:14:47  MONACO FLAG        
INFO 2017-06-26 15:14:47  PEPE SOUPE         
INFO 2017-06-26 15:14:47  BELLE DAME         
INFO 2017-06-26 15:14:47  DIABOLO MENTHE     
INFO 2017-06-26 15:14:47  INDIEN             
INFO 2017-06-26 15:14:47  PORTO ROUGE Cou    
INFO 2017-06-26 15:14:47  COUPE DE CHAMPA    
INFO 2017-06-26 15:14:47  E.GUIGAL GRAND     
INFO 2017-06-26 15:14:47  MOET & CHANDON     
INFO 2017-06-26 15:14:47  COCA COLA          
INFO 2017-06-26 15:14:47  COCA COLA          
INFO 2017-06-26 15:14:47  CAFE               
INFO 2017-06-26 15:14:47  CAPUCCINO          
INFO 2017-06-26 15:14:47  PUNCH COCO         
INFO 2017-06-26 15:14:47  DEMAZEL            
INFO 2017-06-26 15:14:47  BROCHETTE DE FI    
INFO 2017-06-26 15:14:47  SAMOUSA viande     
INFO 2017-06-26 15:14:47  SAUCISSE           
INFO 2017-06-26 15:14:47  BROCHETTE DE ME    
INFO 2017-06-26 15:14:47  TAGLIATELLE CAB    
INFO 2017-06-26 15:14:47  SAUCE CREME CHA    
INFO 2017-06-26 15:14:47  GIN GORDON         
INFO 2017-06-26 15:14:47  POM.TERRE FRITE    
INFO 2017-06-26 15:14:47  ALLOCO             
INFO 2017-06-26 15:14:47  GRATIN DAUPHINO    
INFO 2017-06-26 15:14:47  CREPE SUCREE CH    
INFO 2017-06-26 15:14:48  PIZ VIANDE H.MO    
INFO 2017-06-26 15:14:48  CLAN. CAMPBELL     
INFO 2017-06-26 15:14:48  CHIVAS. Tournee    
INFO 2017-06-26 15:14:48  JACK. DANIEL 1/    
INFO 2017-06-26 15:14:48  JACK. DANIEL To    
INFO 2017-06-26 15:14:48  WHISKY. PECHE T    
INFO 2017-06-26 15:14:48  VODKA ABSOLUT T    
INFO 2017-06-26 15:14:48  MARTINI. ROUGE     
INFO 2017-06-26 15:14:48  MARTINI. ROSE T    
INFO 2017-06-26 15:14:48  BAILEY'S. Tourn    
INFO 2017-06-26 15:14:48  PUNCH PLANTEUR     
INFO 2017-06-26 15:14:48  BELLE DAME lg      
INFO 2017-06-26 15:14:48  CONGA lg           
INFO 2017-06-26 15:14:48  JUS D'ANANAS lg    
INFO 2017-06-26 15:14:48  JUS DE PAMPLEMO    
INFO 2017-06-26 15:14:48  JUS DE CITRON l    
INFO 2017-06-26 15:14:48  JUS DE POMME lg    
INFO 2017-06-26 15:14:48  COCA COLA lg       
INFO 2017-06-26 15:14:48  FANTA COCKTAIL     
INFO 2017-06-26 15:14:48  RED BULL lg        
INFO 2017-06-26 15:14:48  FLAG lg            
INFO 2017-06-26 15:14:48  TUBORG lg          
INFO 2017-06-26 15:14:48  GUINNESS lg        
INFO 2017-06-26 15:14:48  DESPERADOS lg      
INFO 2017-06-26 15:14:48  BECK'S  lg         
INFO 2017-06-26 15:14:48  DEMAZEL lg         
INFO 2017-06-26 15:14:48  BORD. DES BORD     
INFO 2017-06-26 15:14:48  MOUTON CADET lg    
INFO 2017-06-26 15:14:48  MOET & CHANDON     
INFO 2017-06-26 15:14:48  CPE DE VIN ROUG    
INFO 2017-06-26 15:14:48  KIR ROYAL lg       
INFO 2017-06-26 15:14:48  CPE DE CHAMPAGN    
INFO 2017-06-26 15:14:48  TONIC lg           
INFO 2017-06-26 15:14:48  COCA C0LA lg       
INFO 2017-06-26 15:14:48  JUS D'ORANGE lg    
INFO 2017-06-26 15:14:48  P0MME TERRE FRI    
INFO 2017-06-26 15:14:48  RIZ                
INFO 2017-06-26 15:14:48  GINFIZZ            
INFO 2017-06-26 15:14:48     ---> 00010014_20090511.DTT
INFO 2017-06-26 15:14:48     --------> NUMERO DE RAZ      
INFO 2017-06-26 15:14:48  COCA COLA          
INFO 2017-06-26 15:14:48  ORANGINA           
INFO 2017-06-26 15:14:48  PERRIER            
INFO 2017-06-26 15:14:48  FANTA              
INFO 2017-06-26 15:14:48  FANTA COCKTAIL     
INFO 2017-06-26 15:14:48  OLGANE GRAND       
INFO 2017-06-26 15:14:48  FLAG               
INFO 2017-06-26 15:14:48  GUINESS            
INFO 2017-06-26 15:14:48  TUBORG             
INFO 2017-06-26 15:14:48  DESPERADOS         
INFO 2017-06-26 15:14:48  HEINEKEN           
INFO 2017-06-26 15:14:48  MALTA GUINESS      
INFO 2017-06-26 15:14:48  RED BULL LIGHT     
INFO 2017-06-26 15:14:48  AWA GRAND          
INFO 2017-06-26 15:14:48  AWA PETIT          
INFO 2017-06-26 15:14:48  J & B Tournee      
INFO 2017-06-26 15:14:48  JACK DANIEL Tou    
INFO 2017-06-26 15:14:48  CREPE FERMIERE     
INFO 2017-06-26 15:14:48  POULET DU PUB      
INFO 2017-06-26 15:14:48  CREPE FORESTIER    
INFO 2017-06-26 15:14:48  PASTIS 51 Tourn    
INFO 2017-06-26 15:14:48  PLATAUX DE PETI    
INFO 2017-06-26 15:14:48  MARGUERITA         
INFO 2017-06-26 15:14:48  DAIKIRINA          
INFO 2017-06-26 15:14:48  TI PUNCH           
INFO 2017-06-26 15:14:48  PINA COLADA        
INFO 2017-06-26 15:14:48  BEACH              
INFO 2017-06-26 15:14:48  QUEUE DE BOEUF     
INFO 2017-06-26 15:14:48  PORTO BLANC Cou    
INFO 2017-06-26 15:14:48  PORTO ROUGE Cou    
INFO 2017-06-26 15:14:48  BORDEAUX COUPE     
INFO 2017-06-26 15:14:48  COUPE DE CHAMPA    
INFO 2017-06-26 15:14:48  TROUILLARD         
INFO 2017-06-26 15:14:48  MOET & CHANDON     
INFO 2017-06-26 15:14:48  COCA COLA          
INFO 2017-06-26 15:14:48  THE LIPTON NATU    
INFO 2017-06-26 15:14:48  GROG NATURE        
INFO 2017-06-26 15:14:48  PUNCH COCO         
INFO 2017-06-26 15:14:48  SAUCISSE           
INFO 2017-06-26 15:14:48  BROCHETTE DE ME    
INFO 2017-06-26 15:14:48  MEROU GRILLE       
INFO 2017-06-26 15:14:48  ROULEAUX CREVET    
INFO 2017-06-26 15:14:48  POM.TERRE FRITE    
INFO 2017-06-26 15:14:48  RIZ                
INFO 2017-06-26 15:14:48  PIZ POULET MEX     
INFO 2017-06-26 15:14:48  P0MME TERRE FRI    
INFO 2017-06-26 15:14:48  RIZ                
INFO 2017-06-26 15:14:48  ALLOCO             
INFO 2017-06-26 15:14:48  GINFIZZ            
INFO 2017-06-26 15:16:59  D:\TEMP\DTT\DTT\00010014_20090510.DTT
INFO 2017-06-26 15:16:59  D:\TEMP\DTT\DTT\00010014_20090511.DTT
INFO 2017-06-26 15:16:59     ---> 00010014_20090510.DTT
INFO 2017-06-26 15:16:59     --------> NUMERO DE RAZ      
INFO 2017-06-26 15:16:59  RED BUL            
INFO 2017-06-26 15:16:59  COCA COLA          
INFO 2017-06-26 15:16:59  SPRITE             
INFO 2017-06-26 15:16:59  TONIC              
INFO 2017-06-26 15:16:59  ORANGINA           
INFO 2017-06-26 15:16:59  PERRIER            
INFO 2017-06-26 15:16:59  FANTA              
INFO 2017-06-26 15:16:59  FANTA COCKTAIL     
INFO 2017-06-26 15:16:59  YOUKI PAMPLEMOU    
INFO 2017-06-26 15:16:59  AVOCAT CREVETTE    
INFO 2017-06-26 15:16:59  MENTHE AU LAIT     
INFO 2017-06-26 15:16:59  LAIT               
INFO 2017-06-26 15:16:59  OLGANE PETIT       
INFO 2017-06-26 15:16:59  FLAG               
INFO 2017-06-26 15:16:59  GUINESS            
INFO 2017-06-26 15:16:59  TUBORG             
INFO 2017-06-26 15:16:59  DESPERADOS         
INFO 2017-06-26 15:16:59  HEINEKEN           
INFO 2017-06-26 15:16:59  MALTA GUINESS      
INFO 2017-06-26 15:16:59  RED BULL LIGHT     
INFO 2017-06-26 15:16:59  TANTRA             
INFO 2017-06-26 15:16:59  CALVADOS TRNEE     
INFO 2017-06-26 15:16:59  AWA GRAND          
INFO 2017-06-26 15:16:59  AWA PETIT          
INFO 2017-06-26 15:16:59  CLAN CAMPBELL 1    
INFO 2017-06-26 15:16:59  CLAN CAMPBELL T    
INFO 2017-06-26 15:16:59  J & B Tournee      
INFO 2017-06-26 15:16:59  JOHNNIE W.RED T    
INFO 2017-06-26 15:16:59  JACK DANIEL 1/2    
INFO 2017-06-26 15:16:59  JACK DANIEL Tou    
INFO 2017-06-26 15:16:59  SALADE DU CHEF     
INFO 2017-06-26 15:16:59  CREPE FERMIERE     
INFO 2017-06-26 15:16:59  POULET DU PUB      
INFO 2017-06-26 15:16:59  CREPE FORESTIER    
INFO 2017-06-26 15:16:59  JUS DE POMME       
INFO 2017-06-26 15:16:59  JUS D'ANANAS       
INFO 2017-06-26 15:16:59  CAMPARI Tournee    
INFO 2017-06-26 15:16:59  MARTINI BLANC T    
INFO 2017-06-26 15:16:59  RHUM DILLON        
INFO 2017-06-26 15:16:59  GIN Tournee        
INFO 2017-06-26 15:16:59  PLATAUX DE PETI    
INFO 2017-06-26 15:16:59  MARGUERITA         
INFO 2017-06-26 15:16:59  CAIPIRINA          
INFO 2017-06-26 15:16:59  TI PUNCH           
INFO 2017-06-26 15:16:59  MORITO             
INFO 2017-06-26 15:16:59  PINA COLADA        
INFO 2017-06-26 15:16:59  PUNCH PLANTEUR     
INFO 2017-06-26 15:16:59  MONACO FLAG        
INFO 2017-06-26 15:16:59  PEPE SOUPE         
INFO 2017-06-26 15:16:59  BELLE DAME         
INFO 2017-06-26 15:16:59  DIABOLO MENTHE     
INFO 2017-06-26 15:16:59  INDIEN             
INFO 2017-06-26 15:16:59  PORTO ROUGE Cou    
INFO 2017-06-26 15:16:59  COUPE DE CHAMPA    
INFO 2017-06-26 15:16:59  E.GUIGAL GRAND     
INFO 2017-06-26 15:16:59  MOET & CHANDON     
INFO 2017-06-26 15:16:59  COCA COLA          
INFO 2017-06-26 15:16:59  COCA COLA          
INFO 2017-06-26 15:16:59  CAFE               
INFO 2017-06-26 15:16:59  CAPUCCINO          
INFO 2017-06-26 15:16:59  PUNCH COCO         
INFO 2017-06-26 15:16:59  DEMAZEL            
INFO 2017-06-26 15:16:59  BROCHETTE DE FI    
INFO 2017-06-26 15:16:59  SAMOUSA viande     
INFO 2017-06-26 15:16:59  SAUCISSE           
INFO 2017-06-26 15:16:59  BROCHETTE DE ME    
INFO 2017-06-26 15:16:59  TAGLIATELLE CAB    
INFO 2017-06-26 15:16:59  SAUCE CREME CHA    
INFO 2017-06-26 15:16:59  GIN GORDON         
INFO 2017-06-26 15:16:59  POM.TERRE FRITE    
INFO 2017-06-26 15:16:59  ALLOCO             
INFO 2017-06-26 15:16:59  GRATIN DAUPHINO    
INFO 2017-06-26 15:16:59  CREPE SUCREE CH    
INFO 2017-06-26 15:16:59  PIZ VIANDE H.MO    
INFO 2017-06-26 15:16:59  CLAN. CAMPBELL     
INFO 2017-06-26 15:16:59  CHIVAS. Tournee    
INFO 2017-06-26 15:16:59  JACK. DANIEL 1/    
INFO 2017-06-26 15:16:59  JACK. DANIEL To    
INFO 2017-06-26 15:16:59  WHISKY. PECHE T    
INFO 2017-06-26 15:16:59  VODKA ABSOLUT T    
INFO 2017-06-26 15:16:59  MARTINI. ROUGE     
INFO 2017-06-26 15:16:59  MARTINI. ROSE T    
INFO 2017-06-26 15:16:59  BAILEY'S. Tourn    
INFO 2017-06-26 15:16:59  PUNCH PLANTEUR     
INFO 2017-06-26 15:16:59  BELLE DAME lg      
INFO 2017-06-26 15:16:59  CONGA lg           
INFO 2017-06-26 15:16:59  JUS D'ANANAS lg    
INFO 2017-06-26 15:16:59  JUS DE PAMPLEMO    
INFO 2017-06-26 15:16:59  JUS DE CITRON l    
INFO 2017-06-26 15:16:59  JUS DE POMME lg    
INFO 2017-06-26 15:16:59  COCA COLA lg       
INFO 2017-06-26 15:16:59  FANTA COCKTAIL     
INFO 2017-06-26 15:16:59  RED BULL lg        
INFO 2017-06-26 15:16:59  FLAG lg            
INFO 2017-06-26 15:16:59  TUBORG lg          
INFO 2017-06-26 15:16:59  GUINNESS lg        
INFO 2017-06-26 15:16:59  DESPERADOS lg      
INFO 2017-06-26 15:16:59  BECK'S  lg         
INFO 2017-06-26 15:16:59  DEMAZEL lg         
INFO 2017-06-26 15:16:59  BORD. DES BORD     
INFO 2017-06-26 15:16:59  MOUTON CADET lg    
INFO 2017-06-26 15:16:59  MOET & CHANDON     
INFO 2017-06-26 15:16:59  CPE DE VIN ROUG    
INFO 2017-06-26 15:16:59  KIR ROYAL lg       
INFO 2017-06-26 15:16:59  CPE DE CHAMPAGN    
INFO 2017-06-26 15:16:59  TONIC lg           
INFO 2017-06-26 15:16:59  COCA C0LA lg       
INFO 2017-06-26 15:16:59  JUS D'ORANGE lg    
INFO 2017-06-26 15:16:59  P0MME TERRE FRI    
INFO 2017-06-26 15:16:59  RIZ                
INFO 2017-06-26 15:16:59  GINFIZZ            
INFO 2017-06-26 15:16:59     ---> 00010014_20090511.DTT
INFO 2017-06-26 15:16:59     --------> NUMERO DE RAZ      
INFO 2017-06-26 15:16:59  COCA COLA          
INFO 2017-06-26 15:16:59  ORANGINA           
INFO 2017-06-26 15:16:59  PERRIER            
INFO 2017-06-26 15:16:59  FANTA              
INFO 2017-06-26 15:16:59  FANTA COCKTAIL     
INFO 2017-06-26 15:16:59  OLGANE GRAND       
INFO 2017-06-26 15:16:59  FLAG               
INFO 2017-06-26 15:16:59  GUINESS            
INFO 2017-06-26 15:16:59  TUBORG             
INFO 2017-06-26 15:16:59  DESPERADOS         
INFO 2017-06-26 15:16:59  HEINEKEN           
INFO 2017-06-26 15:16:59  MALTA GUINESS      
INFO 2017-06-26 15:16:59  RED BULL LIGHT     
INFO 2017-06-26 15:16:59  AWA GRAND          
INFO 2017-06-26 15:16:59  AWA PETIT          
INFO 2017-06-26 15:16:59  J & B Tournee      
INFO 2017-06-26 15:16:59  JACK DANIEL Tou    
INFO 2017-06-26 15:16:59  CREPE FERMIERE     
INFO 2017-06-26 15:16:59  POULET DU PUB      
INFO 2017-06-26 15:16:59  CREPE FORESTIER    
INFO 2017-06-26 15:16:59  PASTIS 51 Tourn    
INFO 2017-06-26 15:16:59  PLATAUX DE PETI    
INFO 2017-06-26 15:16:59  MARGUERITA         
INFO 2017-06-26 15:16:59  DAIKIRINA          
INFO 2017-06-26 15:16:59  TI PUNCH           
INFO 2017-06-26 15:16:59  PINA COLADA        
INFO 2017-06-26 15:16:59  BEACH              
INFO 2017-06-26 15:16:59  QUEUE DE BOEUF     
INFO 2017-06-26 15:16:59  PORTO BLANC Cou    
INFO 2017-06-26 15:16:59  PORTO ROUGE Cou    
INFO 2017-06-26 15:16:59  BORDEAUX COUPE     
INFO 2017-06-26 15:16:59  COUPE DE CHAMPA    
INFO 2017-06-26 15:16:59  TROUILLARD         
INFO 2017-06-26 15:16:59  MOET & CHANDON     
INFO 2017-06-26 15:16:59  COCA COLA          
INFO 2017-06-26 15:16:59  THE LIPTON NATU    
INFO 2017-06-26 15:16:59  GROG NATURE        
INFO 2017-06-26 15:16:59  PUNCH COCO         
INFO 2017-06-26 15:16:59  SAUCISSE           
INFO 2017-06-26 15:16:59  BROCHETTE DE ME    
INFO 2017-06-26 15:16:59  MEROU GRILLE       
INFO 2017-06-26 15:16:59  ROULEAUX CREVET    
INFO 2017-06-26 15:16:59  POM.TERRE FRITE    
INFO 2017-06-26 15:16:59  RIZ                
INFO 2017-06-26 15:16:59  PIZ POULET MEX     
INFO 2017-06-26 15:16:59  P0MME TERRE FRI    
INFO 2017-06-26 15:16:59  RIZ                
INFO 2017-06-26 15:16:59  ALLOCO             
INFO 2017-06-26 15:16:59  GINFIZZ            
INFO 2017-06-26 15:37:23  D:\TEMP\DTT\DTT\00010014_20090510.DTT
INFO 2017-06-26 15:39:33  D:\TEMP\DTT\DTT\00010014_20090510.DTT
INFO 2017-06-26 15:40:27  D:\TEMP\DTT\DTT\00010014_20090510.DTT
INFO 2017-06-26 15:40:27  D:\TEMP\DTT\DTT\00010014_20090511.DTT
INFO 2017-06-26 15:40:27     ---> 00010014_20090510.DTT
INFO 2017-06-26 15:40:27     --------> NUMERO DE RAZ      
INFO 2017-06-26 15:40:27  RED BUL            
INFO 2017-06-26 15:40:27  COCA COLA          
INFO 2017-06-26 15:40:27  SPRITE             
INFO 2017-06-26 15:40:27  TONIC              
INFO 2017-06-26 15:40:27  ORANGINA           
INFO 2017-06-26 15:40:27  PERRIER            
INFO 2017-06-26 15:40:27  FANTA              
INFO 2017-06-26 15:40:27  FANTA COCKTAIL     
INFO 2017-06-26 15:40:27  YOUKI PAMPLEMOU    
INFO 2017-06-26 15:40:27  AVOCAT CREVETTE    
INFO 2017-06-26 15:40:27  MENTHE AU LAIT     
INFO 2017-06-26 15:40:27  LAIT               
INFO 2017-06-26 15:40:27  OLGANE PETIT       
INFO 2017-06-26 15:40:27  FLAG               
INFO 2017-06-26 15:40:27  GUINESS            
INFO 2017-06-26 15:40:27  TUBORG             
INFO 2017-06-26 15:40:27  DESPERADOS         
INFO 2017-06-26 15:40:27  HEINEKEN           
INFO 2017-06-26 15:40:27  MALTA GUINESS      
INFO 2017-06-26 15:40:27  RED BULL LIGHT     
INFO 2017-06-26 15:40:27  TANTRA             
INFO 2017-06-26 15:40:27  CALVADOS TRNEE     
INFO 2017-06-26 15:40:27  AWA GRAND          
INFO 2017-06-26 15:40:27  AWA PETIT          
INFO 2017-06-26 15:40:27  CLAN CAMPBELL 1    
INFO 2017-06-26 15:40:27  CLAN CAMPBELL T    
INFO 2017-06-26 15:40:27  J & B Tournee      
INFO 2017-06-26 15:40:27  JOHNNIE W.RED T    
INFO 2017-06-26 15:40:27  JACK DANIEL 1/2    
INFO 2017-06-26 15:40:27  JACK DANIEL Tou    
INFO 2017-06-26 15:40:27  SALADE DU CHEF     
INFO 2017-06-26 15:40:27  CREPE FERMIERE     
INFO 2017-06-26 15:40:27  POULET DU PUB      
INFO 2017-06-26 15:40:27  CREPE FORESTIER    
INFO 2017-06-26 15:40:27  JUS DE POMME       
INFO 2017-06-26 15:40:27  JUS D'ANANAS       
INFO 2017-06-26 15:40:27  CAMPARI Tournee    
INFO 2017-06-26 15:40:27  MARTINI BLANC T    
INFO 2017-06-26 15:40:27  RHUM DILLON        
INFO 2017-06-26 15:40:27  GIN Tournee        
INFO 2017-06-26 15:40:27  PLATAUX DE PETI    
INFO 2017-06-26 15:40:27  MARGUERITA         
INFO 2017-06-26 15:40:27  CAIPIRINA          
INFO 2017-06-26 15:40:27  TI PUNCH           
INFO 2017-06-26 15:40:27  MORITO             
INFO 2017-06-26 15:40:27  PINA COLADA        
INFO 2017-06-26 15:40:27  PUNCH PLANTEUR     
INFO 2017-06-26 15:40:27  MONACO FLAG        
INFO 2017-06-26 15:40:27  PEPE SOUPE         
INFO 2017-06-26 15:40:27  BELLE DAME         
INFO 2017-06-26 15:40:27  DIABOLO MENTHE     
INFO 2017-06-26 15:40:27  INDIEN             
INFO 2017-06-26 15:40:27  PORTO ROUGE Cou    
INFO 2017-06-26 15:40:27  COUPE DE CHAMPA    
INFO 2017-06-26 15:40:27  E.GUIGAL GRAND     
INFO 2017-06-26 15:40:27  MOET & CHANDON     
INFO 2017-06-26 15:40:27  COCA COLA          
INFO 2017-06-26 15:40:27  COCA COLA          
INFO 2017-06-26 15:40:27  CAFE               
INFO 2017-06-26 15:40:27  CAPUCCINO          
INFO 2017-06-26 15:40:27  PUNCH COCO         
INFO 2017-06-26 15:40:27  DEMAZEL            
INFO 2017-06-26 15:40:27  BROCHETTE DE FI    
INFO 2017-06-26 15:40:27  SAMOUSA viande     
INFO 2017-06-26 15:40:27  SAUCISSE           
INFO 2017-06-26 15:40:27  BROCHETTE DE ME    
INFO 2017-06-26 15:40:27  TAGLIATELLE CAB    
INFO 2017-06-26 15:40:27  SAUCE CREME CHA    
INFO 2017-06-26 15:40:27  GIN GORDON         
INFO 2017-06-26 15:40:27  POM.TERRE FRITE    
INFO 2017-06-26 15:40:27  ALLOCO             
INFO 2017-06-26 15:40:27  GRATIN DAUPHINO    
INFO 2017-06-26 15:40:27  CREPE SUCREE CH    
INFO 2017-06-26 15:40:27  PIZ VIANDE H.MO    
INFO 2017-06-26 15:40:27  CLAN. CAMPBELL     
INFO 2017-06-26 15:40:27  CHIVAS. Tournee    
INFO 2017-06-26 15:40:27  JACK. DANIEL 1/    
INFO 2017-06-26 15:40:27  JACK. DANIEL To    
INFO 2017-06-26 15:40:27  WHISKY. PECHE T    
INFO 2017-06-26 15:40:27  VODKA ABSOLUT T    
INFO 2017-06-26 15:40:27  MARTINI. ROUGE     
INFO 2017-06-26 15:40:27  MARTINI. ROSE T    
INFO 2017-06-26 15:40:27  BAILEY'S. Tourn    
INFO 2017-06-26 15:40:27  PUNCH PLANTEUR     
INFO 2017-06-26 15:40:27  BELLE DAME lg      
INFO 2017-06-26 15:40:27  CONGA lg           
INFO 2017-06-26 15:40:27  JUS D'ANANAS lg    
INFO 2017-06-26 15:40:27  JUS DE PAMPLEMO    
INFO 2017-06-26 15:40:27  JUS DE CITRON l    
INFO 2017-06-26 15:40:27  JUS DE POMME lg    
INFO 2017-06-26 15:40:27  COCA COLA lg       
INFO 2017-06-26 15:40:27  FANTA COCKTAIL     
INFO 2017-06-26 15:40:27  RED BULL lg        
INFO 2017-06-26 15:40:27  FLAG lg            
INFO 2017-06-26 15:40:27  TUBORG lg          
INFO 2017-06-26 15:40:27  GUINNESS lg        
INFO 2017-06-26 15:40:27  DESPERADOS lg      
INFO 2017-06-26 15:40:27  BECK'S  lg         
INFO 2017-06-26 15:40:27  DEMAZEL lg         
INFO 2017-06-26 15:40:27  BORD. DES BORD     
INFO 2017-06-26 15:40:27  MOUTON CADET lg    
INFO 2017-06-26 15:40:27  MOET & CHANDON     
INFO 2017-06-26 15:40:27  CPE DE VIN ROUG    
INFO 2017-06-26 15:40:27  KIR ROYAL lg       
INFO 2017-06-26 15:40:27  CPE DE CHAMPAGN    
INFO 2017-06-26 15:40:27  TONIC lg           
INFO 2017-06-26 15:40:27  COCA C0LA lg       
INFO 2017-06-26 15:40:27  JUS D'ORANGE lg    
INFO 2017-06-26 15:40:27  P0MME TERRE FRI    
INFO 2017-06-26 15:40:27  RIZ                
INFO 2017-06-26 15:40:27  GINFIZZ            
INFO 2017-06-26 15:40:27     ---> 00010014_20090511.DTT
INFO 2017-06-26 15:40:27     --------> NUMERO DE RAZ      
INFO 2017-06-26 15:40:27  COCA COLA          
INFO 2017-06-26 15:40:27  ORANGINA           
INFO 2017-06-26 15:40:27  PERRIER            
INFO 2017-06-26 15:40:27  FANTA              
INFO 2017-06-26 15:40:27  FANTA COCKTAIL     
INFO 2017-06-26 15:40:27  OLGANE GRAND       
INFO 2017-06-26 15:40:27  FLAG               
INFO 2017-06-26 15:40:27  GUINESS            
INFO 2017-06-26 15:40:27  TUBORG             
INFO 2017-06-26 15:40:27  DESPERADOS         
INFO 2017-06-26 15:40:27  HEINEKEN           
INFO 2017-06-26 15:40:27  MALTA GUINESS      
INFO 2017-06-26 15:40:27  RED BULL LIGHT     
INFO 2017-06-26 15:40:27  AWA GRAND          
INFO 2017-06-26 15:40:27  AWA PETIT          
INFO 2017-06-26 15:40:27  J & B Tournee      
INFO 2017-06-26 15:40:27  JACK DANIEL Tou    
INFO 2017-06-26 15:40:27  CREPE FERMIERE     
INFO 2017-06-26 15:40:27  POULET DU PUB      
INFO 2017-06-26 15:40:27  CREPE FORESTIER    
INFO 2017-06-26 15:40:27  PASTIS 51 Tourn    
INFO 2017-06-26 15:40:27  PLATAUX DE PETI    
INFO 2017-06-26 15:40:27  MARGUERITA         
INFO 2017-06-26 15:40:27  DAIKIRINA          
INFO 2017-06-26 15:40:27  TI PUNCH           
INFO 2017-06-26 15:40:27  PINA COLADA        
INFO 2017-06-26 15:40:27  BEACH              
INFO 2017-06-26 15:40:27  QUEUE DE BOEUF     
INFO 2017-06-26 15:40:27  PORTO BLANC Cou    
INFO 2017-06-26 15:40:27  PORTO ROUGE Cou    
INFO 2017-06-26 15:40:27  BORDEAUX COUPE     
INFO 2017-06-26 15:40:27  COUPE DE CHAMPA    
INFO 2017-06-26 15:40:27  TROUILLARD         
INFO 2017-06-26 15:40:27  MOET & CHANDON     
INFO 2017-06-26 15:40:27  COCA COLA          
INFO 2017-06-26 15:40:27  THE LIPTON NATU    
INFO 2017-06-26 15:40:27  GROG NATURE        
INFO 2017-06-26 15:40:27  PUNCH COCO         
INFO 2017-06-26 15:40:27  SAUCISSE           
INFO 2017-06-26 15:40:27  BROCHETTE DE ME    
INFO 2017-06-26 15:40:27  MEROU GRILLE       
INFO 2017-06-26 15:40:27  ROULEAUX CREVET    
INFO 2017-06-26 15:40:27  POM.TERRE FRITE    
INFO 2017-06-26 15:40:27  RIZ                
INFO 2017-06-26 15:40:27  PIZ POULET MEX     
INFO 2017-06-26 15:40:27  P0MME TERRE FRI    
INFO 2017-06-26 15:40:27  RIZ                
INFO 2017-06-26 15:40:27  ALLOCO             
INFO 2017-06-26 15:40:27  GINFIZZ            
INFO 2017-06-26 15:41:04  D:\TEMP\DTT\DTT\00010014_20090510.DTT
INFO 2017-06-26 15:41:09  D:\TEMP\DTT\DTT\00010014_20090511.DTT
INFO 2017-06-26 15:41:09     ---> 00010014_20090510.DTT
INFO 2017-06-26 15:41:09     --------> NUMERO DE RAZ      
